19:23:05 **** Incremental Build of configuration Debug for project ejercicio_18-2 ****
make all 
make: No se hace nada para 'all'.
19:23:09 **** Incremental Build of configuration Debug for project ejercicio_18-2 ****
make all 
make: No se hace nada para 'all'.
19:23:24 **** Incremental Build of configuration Debug for project Practica ****
make all 
make: No se hace nada para 'all'.
19:23:25 **** Incremental Build of configuration Debug for project ejercicio_18-2 ****
make all 
Building file: ../src/ejercicio_18-2.c
Invoking: GCC C Compiler
gcc -O0 -g3 -Wall -c -fmessage-length=0 -MMD -MP -MF"src/ejercicio_18-2.d" -MT"src/ejercicio_18-2.o" -o "src/ejercicio_18-2.o" "../src/ejercicio_18-2.c"
../src/ejercicio_18-2.c: In function ‘main’:
../src/ejercicio_18-2.c:27:6: warning: unused variable ‘i’ [-Wunused-variable]
   27 |  int i;
      |      ^
Finished building: ../src/ejercicio_18-2.c
 
Building target: ejercicio_18-2
Invoking: GCC C Linker
gcc  -o "ejercicio_18-2"  ./src/UTN.o ./src/ejercicio_18-2.o   
Finished building target: ejercicio_18-2
 
19:23:27 **** Incremental Build of configuration Debug for project ejercicio_18-2 ****
make all 
make: No se hace nada para 'all'.
19:25:08 **** Incremental Build of configuration Debug for project ejercicio_18-2 ****
make all 
Building file: ../src/ejercicio_18-2.c
Invoking: GCC C Compiler
gcc -O0 -g3 -Wall -c -fmessage-length=0 -MMD -MP -MF"src/ejercicio_18-2.d" -MT"src/ejercicio_18-2.o" -o "src/ejercicio_18-2.o" "../src/ejercicio_18-2.c"
../src/ejercicio_18-2.c: In function ‘main’:
../src/ejercicio_18-2.c:27:6: warning: unused variable ‘i’ [-Wunused-variable]
   27 |  int i;
      |      ^
Finished building: ../src/ejercicio_18-2.c
 
Building target: ejercicio_18-2
Invoking: GCC C Linker
gcc  -o "ejercicio_18-2"  ./src/UTN.o ./src/ejercicio_18-2.o   
Finished building target: ejercicio_18-2
 
19:25:15 **** Incremental Build of configuration Debug for project ejercicio_18-2 ****
make all 
make: No se hace nada para 'all'.
19:25:32 **** Incremental Build of configuration Debug for project ejercicio_18-2 ****
make all 
make: No se hace nada para 'all'.
19:26:09 **** Incremental Build of configuration Debug for project ejercicio_18-2 ****
make all 
Building file: ../src/ejercicio_18-2.c
Invoking: GCC C Compiler
gcc -O0 -g3 -Wall -c -fmessage-length=0 -MMD -MP -MF"src/ejercicio_18-2.d" -MT"src/ejercicio_18-2.o" -o "src/ejercicio_18-2.o" "../src/ejercicio_18-2.c"
../src/ejercicio_18-2.c: In function ‘main’:
../src/ejercicio_18-2.c:27:6: warning: unused variable ‘i’ [-Wunused-variable]
   27 |  int i;
      |      ^
Finished building: ../src/ejercicio_18-2.c
 
Building target: ejercicio_18-2
Invoking: GCC C Linker
gcc  -o "ejercicio_18-2"  ./src/UTN.o ./src/ejercicio_18-2.o   
Finished building target: ejercicio_18-2
 
19:26:11 **** Incremental Build of configuration Debug for project ejercicio_18-2 ****
make all 
make: No se hace nada para 'all'.
19:27:12 **** Incremental Build of configuration Debug for project Practica ****
make all 
make: No se hace nada para 'all'.
19:27:12 **** Incremental Build of configuration Debug for project ejercicio_18-2 ****
make all 
Building file: ../src/ejercicio_18-2.c
Invoking: GCC C Compiler
gcc -O0 -g3 -Wall -c -fmessage-length=0 -MMD -MP -MF"src/ejercicio_18-2.d" -MT"src/ejercicio_18-2.o" -o "src/ejercicio_18-2.o" "../src/ejercicio_18-2.c"
../src/ejercicio_18-2.c: In function ‘main’:
../src/ejercicio_18-2.c:27:6: warning: unused variable ‘i’ [-Wunused-variable]
   27 |  int i;
      |      ^
Finished building: ../src/ejercicio_18-2.c
 
Building target: ejercicio_18-2
Invoking: GCC C Linker
gcc  -o "ejercicio_18-2"  ./src/UTN.o ./src/ejercicio_18-2.o   
Finished building target: ejercicio_18-2
 
19:27:14 **** Incremental Build of configuration Debug for project ejercicio_18-2 ****
make all 
make: No se hace nada para 'all'.
19:27:52 **** Incremental Build of configuration Debug for project Practica ****
make all 
make: No se hace nada para 'all'.
19:27:53 **** Incremental Build of configuration Debug for project ejercicio_18-2 ****
make all 
Building file: ../src/ejercicio_18-2.c
Invoking: GCC C Compiler
gcc -O0 -g3 -Wall -c -fmessage-length=0 -MMD -MP -MF"src/ejercicio_18-2.d" -MT"src/ejercicio_18-2.o" -o "src/ejercicio_18-2.o" "../src/ejercicio_18-2.c"
../src/ejercicio_18-2.c: In function ‘main’:
../src/ejercicio_18-2.c:54:20: error: expected expression before ‘]’ token
   54 |    if(fread(&array[] , sizeof(char) , 510 , pArchivo) == 3)
      |                    ^
../src/ejercicio_18-2.c:27:6: warning: unused variable ‘i’ [-Wunused-variable]
   27 |  int i;
      |      ^
make: *** [src/subdir.mk:23: src/ejercicio_18-2.o] Error 1
"make all" terminated with exit code 2. Build might be incomplete.
19:27:59 **** Incremental Build of configuration Debug for project Practica ****
make all 
make: No se hace nada para 'all'.
19:27:59 **** Incremental Build of configuration Debug for project ejercicio_18-2 ****
make all 
Building file: ../src/ejercicio_18-2.c
Invoking: GCC C Compiler
gcc -O0 -g3 -Wall -c -fmessage-length=0 -MMD -MP -MF"src/ejercicio_18-2.d" -MT"src/ejercicio_18-2.o" -o "src/ejercicio_18-2.o" "../src/ejercicio_18-2.c"
../src/ejercicio_18-2.c: In function ‘main’:
../src/ejercicio_18-2.c:54:19: error: expected expression before ‘]’ token
   54 |    if(fread(array[] , sizeof(char) , 510 , pArchivo) == 3)
      |                   ^
../src/ejercicio_18-2.c:27:6: warning: unused variable ‘i’ [-Wunused-variable]
   27 |  int i;
      |      ^
make: *** [src/subdir.mk:23: src/ejercicio_18-2.o] Error 1
"make all" terminated with exit code 2. Build might be incomplete.
19:28:05 **** Incremental Build of configuration Debug for project Practica ****
make all 
make: No se hace nada para 'all'.
19:28:05 **** Incremental Build of configuration Debug for project ejercicio_18-2 ****
make all 
Building file: ../src/ejercicio_18-2.c
Invoking: GCC C Compiler
gcc -O0 -g3 -Wall -c -fmessage-length=0 -MMD -MP -MF"src/ejercicio_18-2.d" -MT"src/ejercicio_18-2.o" -o "src/ejercicio_18-2.o" "../src/ejercicio_18-2.c"
../src/ejercicio_18-2.c: In function ‘main’:
../src/ejercicio_18-2.c:27:6: warning: unused variable ‘i’ [-Wunused-variable]
   27 |  int i;
      |      ^
Finished building: ../src/ejercicio_18-2.c
 
Building target: ejercicio_18-2
Invoking: GCC C Linker
gcc  -o "ejercicio_18-2"  ./src/UTN.o ./src/ejercicio_18-2.o   
Finished building target: ejercicio_18-2
 
19:28:53 **** Incremental Build of configuration Debug for project Practica ****
make all 
make: No se hace nada para 'all'.
19:28:53 **** Incremental Build of configuration Debug for project ejercicio_18-2 ****
make all 
Building file: ../src/ejercicio_18-2.c
Invoking: GCC C Compiler
gcc -O0 -g3 -Wall -c -fmessage-length=0 -MMD -MP -MF"src/ejercicio_18-2.d" -MT"src/ejercicio_18-2.o" -o "src/ejercicio_18-2.o" "../src/ejercicio_18-2.c"
../src/ejercicio_18-2.c: In function ‘main’:
../src/ejercicio_18-2.c:27:6: warning: unused variable ‘i’ [-Wunused-variable]
   27 |  int i;
      |      ^
Finished building: ../src/ejercicio_18-2.c
 
Building target: ejercicio_18-2
Invoking: GCC C Linker
gcc  -o "ejercicio_18-2"  ./src/UTN.o ./src/ejercicio_18-2.o   
Finished building target: ejercicio_18-2
 
19:28:56 **** Incremental Build of configuration Debug for project ejercicio_18-2 ****
make all 
make: No se hace nada para 'all'.
19:29:00 **** Incremental Build of configuration Debug for project ejercicio_18-2 ****
make all 
make: No se hace nada para 'all'.
19:29:47 **** Incremental Build of configuration Debug for project Practica ****
make all 
make: No se hace nada para 'all'.
19:29:47 **** Incremental Build of configuration Debug for project ejercicio_18-2 ****
make all 
Building file: ../src/ejercicio_18-2.c
Invoking: GCC C Compiler
gcc -O0 -g3 -Wall -c -fmessage-length=0 -MMD -MP -MF"src/ejercicio_18-2.d" -MT"src/ejercicio_18-2.o" -o "src/ejercicio_18-2.o" "../src/ejercicio_18-2.c"
../src/ejercicio_18-2.c: In function ‘main’:
../src/ejercicio_18-2.c:27:6: warning: unused variable ‘i’ [-Wunused-variable]
   27 |  int i;
      |      ^
Finished building: ../src/ejercicio_18-2.c
 
Building target: ejercicio_18-2
Invoking: GCC C Linker
gcc  -o "ejercicio_18-2"  ./src/UTN.o ./src/ejercicio_18-2.o   
Finished building target: ejercicio_18-2
 
19:29:48 **** Incremental Build of configuration Debug for project ejercicio_18-2 ****
make all 
make: No se hace nada para 'all'.
19:30:23 **** Incremental Build of configuration Debug for project Practica ****
make all 
make: No se hace nada para 'all'.
19:30:24 **** Incremental Build of configuration Debug for project ejercicio_18-2 ****
make all 
Building file: ../src/ejercicio_18-2.c
Invoking: GCC C Compiler
gcc -O0 -g3 -Wall -c -fmessage-length=0 -MMD -MP -MF"src/ejercicio_18-2.d" -MT"src/ejercicio_18-2.o" -o "src/ejercicio_18-2.o" "../src/ejercicio_18-2.c"
../src/ejercicio_18-2.c: In function ‘main’:
../src/ejercicio_18-2.c:27:6: warning: unused variable ‘i’ [-Wunused-variable]
   27 |  int i;
      |      ^
Finished building: ../src/ejercicio_18-2.c
 
Building target: ejercicio_18-2
Invoking: GCC C Linker
gcc  -o "ejercicio_18-2"  ./src/UTN.o ./src/ejercicio_18-2.o   
Finished building target: ejercicio_18-2
 
19:30:25 **** Incremental Build of configuration Debug for project ejercicio_18-2 ****
make all 
make: No se hace nada para 'all'.
19:30:26 **** Incremental Build of configuration Debug for project ejercicio_18-2 ****
make all 
make: No se hace nada para 'all'.
19:30:36 **** Incremental Build of configuration Debug for project ejercicio_18-2 ****
make all 
Building file: ../src/ejercicio_18-2.c
Invoking: GCC C Compiler
gcc -O0 -g3 -Wall -c -fmessage-length=0 -MMD -MP -MF"src/ejercicio_18-2.d" -MT"src/ejercicio_18-2.o" -o "src/ejercicio_18-2.o" "../src/ejercicio_18-2.c"
../src/ejercicio_18-2.c: In function ‘main’:
../src/ejercicio_18-2.c:27:6: warning: unused variable ‘i’ [-Wunused-variable]
   27 |  int i;
      |      ^
Finished building: ../src/ejercicio_18-2.c
 
Building target: ejercicio_18-2
Invoking: GCC C Linker
gcc  -o "ejercicio_18-2"  ./src/UTN.o ./src/ejercicio_18-2.o   
Finished building target: ejercicio_18-2
 
19:30:51 **** Incremental Build of configuration Debug for project Practica ****
make all 
make: No se hace nada para 'all'.
19:30:51 **** Incremental Build of configuration Debug for project ejercicio_18-2 ****
make all 
Building file: ../src/ejercicio_18-2.c
Invoking: GCC C Compiler
gcc -O0 -g3 -Wall -c -fmessage-length=0 -MMD -MP -MF"src/ejercicio_18-2.d" -MT"src/ejercicio_18-2.o" -o "src/ejercicio_18-2.o" "../src/ejercicio_18-2.c"
../src/ejercicio_18-2.c: In function ‘main’:
../src/ejercicio_18-2.c:27:6: warning: unused variable ‘i’ [-Wunused-variable]
   27 |  int i;
      |      ^
Finished building: ../src/ejercicio_18-2.c
 
Building target: ejercicio_18-2
Invoking: GCC C Linker
gcc  -o "ejercicio_18-2"  ./src/UTN.o ./src/ejercicio_18-2.o   
Finished building target: ejercicio_18-2
 
19:30:52 **** Incremental Build of configuration Debug for project ejercicio_18-2 ****
make all 
make: No se hace nada para 'all'.
19:31:09 **** Incremental Build of configuration Debug for project ejercicio_18-2 ****
make all 
Building file: ../src/ejercicio_18-2.c
Invoking: GCC C Compiler
gcc -O0 -g3 -Wall -c -fmessage-length=0 -MMD -MP -MF"src/ejercicio_18-2.d" -MT"src/ejercicio_18-2.o" -o "src/ejercicio_18-2.o" "../src/ejercicio_18-2.c"
../src/ejercicio_18-2.c: In function ‘main’:
../src/ejercicio_18-2.c:27:6: warning: unused variable ‘i’ [-Wunused-variable]
   27 |  int i;
      |      ^
Finished building: ../src/ejercicio_18-2.c
 
Building target: ejercicio_18-2
Invoking: GCC C Linker
gcc  -o "ejercicio_18-2"  ./src/UTN.o ./src/ejercicio_18-2.o   
Finished building target: ejercicio_18-2
 
19:31:45 **** Incremental Build of configuration Debug for project Practica ****
make all 
make: No se hace nada para 'all'.
19:31:46 **** Incremental Build of configuration Debug for project ejercicio_18-2 ****
make all 
Building file: ../src/ejercicio_18-2.c
Invoking: GCC C Compiler
gcc -O0 -g3 -Wall -c -fmessage-length=0 -MMD -MP -MF"src/ejercicio_18-2.d" -MT"src/ejercicio_18-2.o" -o "src/ejercicio_18-2.o" "../src/ejercicio_18-2.c"
../src/ejercicio_18-2.c: In function ‘main’:
../src/ejercicio_18-2.c:27:6: warning: unused variable ‘i’ [-Wunused-variable]
   27 |  int i;
      |      ^
Finished building: ../src/ejercicio_18-2.c
 
Building target: ejercicio_18-2
Invoking: GCC C Linker
gcc  -o "ejercicio_18-2"  ./src/UTN.o ./src/ejercicio_18-2.o   
Finished building target: ejercicio_18-2
 
19:31:47 **** Incremental Build of configuration Debug for project ejercicio_18-2 ****
make all 
make: No se hace nada para 'all'.
19:31:55 **** Incremental Build of configuration Debug for project Practica ****
make all 
make: No se hace nada para 'all'.
19:31:55 **** Incremental Build of configuration Debug for project ejercicio_18-2 ****
make all 
Building file: ../src/ejercicio_18-2.c
Invoking: GCC C Compiler
gcc -O0 -g3 -Wall -c -fmessage-length=0 -MMD -MP -MF"src/ejercicio_18-2.d" -MT"src/ejercicio_18-2.o" -o "src/ejercicio_18-2.o" "../src/ejercicio_18-2.c"
../src/ejercicio_18-2.c: In function ‘main’:
../src/ejercicio_18-2.c:27:6: warning: unused variable ‘i’ [-Wunused-variable]
   27 |  int i;
      |      ^
Finished building: ../src/ejercicio_18-2.c
 
Building target: ejercicio_18-2
Invoking: GCC C Linker
gcc  -o "ejercicio_18-2"  ./src/UTN.o ./src/ejercicio_18-2.o   
Finished building target: ejercicio_18-2
 
19:31:57 **** Incremental Build of configuration Debug for project ejercicio_18-2 ****
make all 
make: No se hace nada para 'all'.
19:33:09 **** Incremental Build of configuration Debug for project Practica ****
make all 
make: No se hace nada para 'all'.
19:33:09 **** Incremental Build of configuration Debug for project ejercicio_18-2 ****
make all 
Building file: ../src/ejercicio_18-2.c
Invoking: GCC C Compiler
gcc -O0 -g3 -Wall -c -fmessage-length=0 -MMD -MP -MF"src/ejercicio_18-2.d" -MT"src/ejercicio_18-2.o" -o "src/ejercicio_18-2.o" "../src/ejercicio_18-2.c"
../src/ejercicio_18-2.c: In function ‘main’:
../src/ejercicio_18-2.c:27:6: warning: unused variable ‘i’ [-Wunused-variable]
   27 |  int i;
      |      ^
Finished building: ../src/ejercicio_18-2.c
 
Building target: ejercicio_18-2
Invoking: GCC C Linker
gcc  -o "ejercicio_18-2"  ./src/UTN.o ./src/ejercicio_18-2.o   
Finished building target: ejercicio_18-2
 
19:13:22 **** Incremental Build of configuration Debug for project Practica ****
make all 
make: No se hace nada para 'all'.
19:13:22 **** Incremental Build of configuration Debug for project ejercicio_18-2 ****
make all 
make: No se hace nada para 'all'.
22:04:59 **** Incremental Build of configuration Debug for project Practica ****
make all 
make: No se hace nada para 'all'.
22:05:00 **** Incremental Build of configuration Debug for project ejercicio_18-2 ****
make all 
make: No se hace nada para 'all'.
22:05:01 **** Incremental Build of configuration Debug for project ejercicio_18-2 ****
make all 
make: No se hace nada para 'all'.
